<?xml version="1.0" encoding="UTF-8"?>
<testng-results ignored="3" total="4" passed="1" failed="0" skipped="0">
  <reporter-output>
  </reporter-output>
  <suite started-at="2023-02-19T22:17:27 IST" name="ApiSampleTest" finished-at="2023-02-19T22:17:30 IST" duration-ms="2637">
    <groups>
    </groups>
    <test started-at="2023-02-19T22:17:27 IST" name="GET_COUCHBASE_DOCUMENT" finished-at="2023-02-19T22:17:30 IST" duration-ms="2637">
      <class name="V1.ApiTest">
        <test-method is-config="true" signature="readConfig(org.testng.ITestContext)[pri:0, instance:V1.ApiTest@130c12b7]" started-at="2023-02-19T22:17:27 IST" name="readConfig" finished-at="2023-02-19T22:17:27 IST" duration-ms="172" status="PASS">
          <params>
            <param index="0">
              <value>
                <![CDATA[org.testng.TestRunner@74a820bf]]>
              </value>
            </param>
          </params>
          <reporter-output>
          </reporter-output>
        </test-method> <!-- readConfig -->
        <test-method signature="getCouchBaseDocument()[pri:3, instance:V1.ApiTest@130c12b7]" started-at="2023-02-19T22:17:28 IST" name="getCouchBaseDocument" finished-at="2023-02-19T22:17:30 IST" duration-ms="2411" status="PASS">
          <reporter-output>
          </reporter-output>
        </test-method> <!-- getCouchBaseDocument -->
      </class> <!-- V1.ApiTest -->
    </test> <!-- GET_COUCHBASE_DOCUMENT -->
  </suite> <!-- ApiSampleTest -->
</testng-results>
