<?xml version="1.0" encoding="UTF-8"?>
<testng-results ignored="6" total="8" passed="2" failed="0" skipped="0">
  <reporter-output>
  </reporter-output>
  <suite started-at="2025-02-09T23:28:00 GMT" name="ApiSampleTest" finished-at="2025-02-09T23:28:01 GMT" duration-ms="1124">
    <groups>
    </groups>
    <test started-at="2025-02-09T23:28:00 GMT" name="GET_USERS" finished-at="2025-02-09T23:28:01 GMT" duration-ms="891">
      <class name="V1.ApiTest">
        <test-method is-config="true" signature="readConfig(org.testng.ITestContext)[pri:0, instance:V1.ApiTest@53045c6c]" started-at="2025-02-09T23:28:00 GMT" name="readConfig" finished-at="2025-02-09T23:28:00 GMT" duration-ms="59" status="PASS">
          <params>
            <param index="0">
              <value>
                <![CDATA[org.testng.TestRunner@3d033453]]>
              </value>
            </param>
          </params>
          <reporter-output>
          </reporter-output>
        </test-method> <!-- readConfig -->
        <test-method signature="getUsers()[pri:1, instance:V1.ApiTest@53045c6c]" started-at="2025-02-09T23:28:00 GMT" name="getUsers" finished-at="2025-02-09T23:28:01 GMT" duration-ms="818" status="PASS">
          <reporter-output>
          </reporter-output>
        </test-method> <!-- getUsers -->
      </class> <!-- V1.ApiTest -->
    </test> <!-- GET_USERS -->
    <test started-at="2025-02-09T23:28:01 GMT" name="SAVE_USER" finished-at="2025-02-09T23:28:01 GMT" duration-ms="222">
      <class name="V1.ApiTest">
        <test-method is-config="true" signature="readConfig(org.testng.ITestContext)[pri:0, instance:V1.ApiTest@3e08ff24]" started-at="2025-02-09T23:28:01 GMT" name="readConfig" finished-at="2025-02-09T23:28:01 GMT" duration-ms="40" status="PASS">
          <params>
            <param index="0">
              <value>
                <![CDATA[org.testng.TestRunner@43deba42]]>
              </value>
            </param>
          </params>
          <reporter-output>
          </reporter-output>
        </test-method> <!-- readConfig -->
        <test-method signature="saveUser()[pri:2, instance:V1.ApiTest@3e08ff24]" started-at="2025-02-09T23:28:01 GMT" name="saveUser" finished-at="2025-02-09T23:28:01 GMT" duration-ms="180" status="PASS">
          <reporter-output>
          </reporter-output>
        </test-method> <!-- saveUser -->
      </class> <!-- V1.ApiTest -->
    </test> <!-- SAVE_USER -->
  </suite> <!-- ApiSampleTest -->
</testng-results>
