<?xml version="1.0" encoding="UTF-8"?>
<!-- Generated by org.testng.reporters.JUnitXMLReporter -->
<testsuite ignored="3" hostname="LAPTOP-C9GCE5DU" failures="0" tests="1" name="GetBanSubscriberListSoap" time="0.484" errors="0" timestamp="2021-05-19T21:46:59 IST">
  <testcase classname="Tests.DDTest" name="@BeforeTest configBeforeTest" time="0.458">
    <skipped/>
  </testcase> <!-- @BeforeTest configBeforeTest -->
  <testcase classname="Tests.DDTest" name="test1" time="0.0">
    <skipped/>
  </testcase> <!-- test1 -->
  <testcase classname="Tests.DDTest" name="test4" time="0.0">
    <ignored/>
  </testcase> <!-- test4 -->
  <testcase classname="Tests.DDTest" name="test3" time="0.0">
    <ignored/>
  </testcase> <!-- test3 -->
  <testcase classname="Tests.DDTest" name="test2" time="0.0">
    <ignored/>
  </testcase> <!-- test2 -->
</testsuite> <!-- GetBanSubscriberListSoap -->
