<?xml version="1.0" encoding="UTF-8"?>
<!-- Generated by org.testng.reporters.JUnitXMLReporter -->
<testsuite ignored="3" hostname="LAPTOP-C9GCE5DU" failures="0" tests="1" name="Test_two" time="30.332" errors="0" timestamp="2021-06-29T00:23:07 IST">
  <testcase classname="Tests.DDTest" name="test2" time="30.281"/>
  <testcase classname="Tests.DDTest" name="test4" time="0.0">
    <ignored/>
  </testcase> <!-- test4 -->
  <testcase classname="Tests.DDTest" name="test3" time="0.0">
    <ignored/>
  </testcase> <!-- test3 -->
  <testcase classname="Tests.DDTest" name="test1" time="0.0">
    <ignored/>
  </testcase> <!-- test1 -->
</testsuite> <!-- Test_two -->
