<?xml version="1.0" encoding="UTF-8"?>
<!-- Generated by org.testng.reporters.JUnitXMLReporter -->
<testsuite ignored="0" hostname="Mohammads-MacBook-Pro.local" failures="0" tests="1" name="Default test" time="1.018" errors="0" timestamp="2025-02-07T18:18:08 GMT">
  <testcase classname="V1.UiTest" name="@BeforeTest readConfig" time="0.928">
    <skipped/>
  </testcase> <!-- @BeforeTest readConfig -->
  <testcase classname="V1.UiTest" name="orderItem" time="0.0">
    <skipped/>
  </testcase> <!-- orderItem -->
</testsuite> <!-- Default test -->
