<?xml version="1.0" encoding="UTF-8"?>
<!-- Generated by org.testng.reporters.JUnitXMLReporter -->
<testsuite ignored="3" hostname="LAPTOP-C9GCE5DU" failures="0" tests="1" name="GET_COUCHBASE_DOCUMENT" time="2.637" errors="0" timestamp="2023-02-19T22:17:30 IST">
  <testcase classname="V1.ApiTest" name="getCouchBaseDocument" time="2.411"/>
  <testcase classname="V1.ApiTest" name="getUsers" time="0.0">
    <ignored/>
  </testcase> <!-- getUsers -->
  <testcase classname="V1.ApiTest" name="saveUser" time="0.0">
    <ignored/>
  </testcase> <!-- saveUser -->
  <testcase classname="V1.ApiTest" name="unixTest" time="0.0">
    <ignored/>
  </testcase> <!-- unixTest -->
</testsuite> <!-- GET_COUCHBASE_DOCUMENT -->
