<?xml version="1.0" encoding="UTF-8"?>
<!-- Generated by org.testng.reporters.JUnitXMLReporter -->
<testsuite ignored="2" hostname="LAPTOP-C9GCE5DU" failures="0" tests="1" name="GET_USERS" time="3.182" errors="0" timestamp="2022-06-22T21:56:56 IST">
  <testcase classname="V1.ApiTest" name="getUsers" time="2.948"/>
  <testcase classname="V1.ApiTest" name="saveUser" time="0.0">
    <ignored/>
  </testcase> <!-- saveUser -->
  <testcase classname="V1.ApiTest" name="unixTest" time="0.0">
    <ignored/>
  </testcase> <!-- unixTest -->
</testsuite> <!-- GET_USERS -->
