<?xml version="1.0" encoding="UTF-8"?>
<!-- Generated by org.testng.reporters.JUnitXMLReporter -->
<testsuite ignored="3" hostname="Mohammads-MacBook-Pro.local" failures="0" tests="1" name="GET_USERS" time="0.891" errors="0" timestamp="2025-02-09T23:28:01 GMT">
  <testcase classname="V1.ApiTest" name="getUsers" time="0.818"/>
  <testcase classname="V1.ApiTest" name="getCouchBaseDocument" time="0.0">
    <ignored/>
  </testcase> <!-- getCouchBaseDocument -->
  <testcase classname="V1.ApiTest" name="saveUser" time="0.0">
    <ignored/>
  </testcase> <!-- saveUser -->
  <testcase classname="V1.ApiTest" name="unixTest" time="0.0">
    <ignored/>
  </testcase> <!-- unixTest -->
</testsuite> <!-- GET_USERS -->
