<?xml version="1.0" encoding="UTF-8"?>
<!-- Generated by org.testng.reporters.JUnitXMLReporter -->
<testsuite ignored="3" hostname="Mohammads-MacBook-Pro.local" failures="0" tests="1" name="SAVE_USER" time="0.222" errors="0" timestamp="2025-02-09T23:28:01 GMT">
  <testcase classname="V1.ApiTest" name="saveUser" time="0.18"/>
  <testcase classname="V1.ApiTest" name="getUsers" time="0.0">
    <ignored/>
  </testcase> <!-- getUsers -->
  <testcase classname="V1.ApiTest" name="getCouchBaseDocument" time="0.0">
    <ignored/>
  </testcase> <!-- getCouchBaseDocument -->
  <testcase classname="V1.ApiTest" name="unixTest" time="0.0">
    <ignored/>
  </testcase> <!-- unixTest -->
</testsuite> <!-- SAVE_USER -->
