<?xml version="1.0" encoding="UTF-8"?>
<!-- Generated by org.testng.reporters.JUnitXMLReporter -->
<testsuite ignored="0" hostname="LAPTOP-C9GCE5DU" failures="0" tests="1" name="TestData555" time="0.018" errors="0" timestamp="2021-09-11T13:08:08 IST">
  <testcase classname="Tests.DdJsonTest" name="@BeforeTest ReadData" time="0.003">
    <skipped/>
  </testcase> <!-- @BeforeTest ReadData -->
  <testcase classname="Tests.DdJsonTest" name="jsonTest" time="0.0">
    <skipped/>
  </testcase> <!-- jsonTest -->
</testsuite> <!-- TestData555 -->
