<?xml version="1.0" encoding="UTF-8"?>
<!-- Generated by org.testng.reporters.JUnitXMLReporter -->
<testsuite ignored="0" hostname="LAPTOP-C9GCE5DU" failures="0" tests="1" name="TestData4" time="0.042" errors="0" timestamp="2021-09-10T13:33:40 IST">
  <testcase classname="Tests.DdJsonTest" name="@BeforeTest ReadData" time="0.029">
    <skipped/>
  </testcase> <!-- @BeforeTest ReadData -->
  <testcase classname="Tests.DdJsonTest" name="jsonTest" time="0.0">
    <skipped/>
  </testcase> <!-- jsonTest -->
</testsuite> <!-- TestData4 -->
